<?xml version="1.0" encoding="UTF-8"?>
<testng-results skipped="0" failed="1" ignored="0" total="2" passed="1">
  <reporter-output>
  </reporter-output>
  <suite name="Default suite" duration-ms="192" started-at="2018-03-22T07:57:44Z" finished-at="2018-03-22T07:57:44Z">
    <groups>
    </groups>
    <test name="Default test" duration-ms="192" started-at="2018-03-22T07:57:44Z" finished-at="2018-03-22T07:57:44Z">
      <class name="com.harsha.seleniumPractice.basics.day1.SeleniumBasicsPractice">
        <test-method status="FAIL" signature="startSelenium()[pri:0, instance:com.harsha.seleniumPractice.basics.day1.SeleniumBasicsPractice@1e965684]" name="startSelenium" duration-ms="116" started-at="2018-03-22T07:57:44Z" finished-at="2018-03-22T07:57:44Z">
          <exception class="java.lang.NoSuchMethodError">
            <message>
              <![CDATA[org.openqa.selenium.Proxy.extractFrom(Lorg/openqa/selenium/Capabilities;)Lorg/openqa/selenium/Proxy;]]>
            </message>
            <full-stacktrace>
              <![CDATA[java.lang.NoSuchMethodError: org.openqa.selenium.Proxy.extractFrom(Lorg/openqa/selenium/Capabilities;)Lorg/openqa/selenium/Proxy;
at org.openqa.selenium.firefox.FirefoxDriver.dropCapabilities(FirefoxDriver.java:343)
at org.openqa.selenium.firefox.FirefoxDriver.<init>(FirefoxDriver.java:221)
at org.openqa.selenium.firefox.FirefoxDriver.<init>(FirefoxDriver.java:215)
at org.openqa.selenium.firefox.FirefoxDriver.<init>(FirefoxDriver.java:211)
at org.openqa.selenium.firefox.FirefoxDriver.<init>(FirefoxDriver.java:124)
at com.harsha.seleniumPractice.basics.day1.SeleniumBasicsPractice.startSelenium(SeleniumBasicsPractice.java:18)
at sun.reflect.NativeMethodAccessorImpl.invoke0(Native Method)
at sun.reflect.NativeMethodAccessorImpl.invoke(Unknown Source)
at sun.reflect.DelegatingMethodAccessorImpl.invoke(Unknown Source)
at java.lang.reflect.Method.invoke(Unknown Source)
at org.testng.internal.MethodInvocationHelper.invokeMethod(MethodInvocationHelper.java:124)
at org.testng.internal.Invoker.invokeMethod(Invoker.java:580)
at org.testng.internal.Invoker.invokeTestMethod(Invoker.java:716)
at org.testng.internal.Invoker.invokeTestMethods(Invoker.java:988)
at org.testng.internal.TestMethodWorker.invokeTestMethods(TestMethodWorker.java:125)
at org.testng.internal.TestMethodWorker.run(TestMethodWorker.java:109)
at org.testng.TestRunner.privateRun(TestRunner.java:648)
at org.testng.TestRunner.run(TestRunner.java:505)
at org.testng.SuiteRunner.runTest(SuiteRunner.java:455)
at org.testng.SuiteRunner.runSequentially(SuiteRunner.java:450)
at org.testng.SuiteRunner.privateRun(SuiteRunner.java:415)
at org.testng.SuiteRunner.run(SuiteRunner.java:364)
at org.testng.SuiteRunnerWorker.runSuite(SuiteRunnerWorker.java:52)
at org.testng.SuiteRunnerWorker.run(SuiteRunnerWorker.java:84)
at org.testng.TestNG.runSuitesSequentially(TestNG.java:1208)
at org.testng.TestNG.runSuitesLocally(TestNG.java:1137)
at org.testng.TestNG.runSuites(TestNG.java:1049)
at org.testng.TestNG.run(TestNG.java:1017)
at org.testng.remote.AbstractRemoteTestNG.run(AbstractRemoteTestNG.java:114)
at org.testng.remote.RemoteTestNG.initAndRun(RemoteTestNG.java:251)
at org.testng.remote.RemoteTestNG.main(RemoteTestNG.java:77)
]]>
            </full-stacktrace>
          </exception> <!-- java.lang.NoSuchMethodError -->
          <reporter-output>
          </reporter-output>
        </test-method> <!-- startSelenium -->
        <test-method status="PASS" signature="stopSelenium()[pri:0, instance:com.harsha.seleniumPractice.basics.day1.SeleniumBasicsPractice@1e965684]" name="stopSelenium" duration-ms="3" started-at="2018-03-22T07:57:44Z" finished-at="2018-03-22T07:57:44Z">
          <reporter-output>
          </reporter-output>
        </test-method> <!-- stopSelenium -->
      </class> <!-- com.harsha.seleniumPractice.basics.day1.SeleniumBasicsPractice -->
    </test> <!-- Default test -->
  </suite> <!-- Default suite -->
</testng-results>
